Created by PLY version 3.11 (http://www.dabeaz.com/ply)

Grammar

Rule 0     S' -> start
Rule 1     start -> NUMBER

Terminals, with rules where they appear

NUMBER               : 1
error                : 

Nonterminals, with rules where they appear

start                : 0

Parsing method: LALR

state 0

    (0) S' -> . start
    (1) start -> . NUMBER

    NUMBER          shift and go to state 2

    start                          shift and go to state 1

state 1

    (0) S' -> start .



state 2

    (1) start -> NUMBER .

    $end            reduce using rule 1 (start -> NUMBER .)

